Library/Bee/Android/Prj/IL2CPP/Gradle/launcher/build/intermediates/manifest_merge_blame_file/release/manifest-merger-blame-release-report.txt
1<?xml version="1.0" encoding="utf-8"?>
2<manifest xmlns:android="http://schemas.android.com/apk/res/android"
3    package="com.com.Unity.CreateWithVR.VRRoom"
4    android:installLocation="preferExternal"
5    android:versionCode="1"
6    android:versionName="0.1.0" >
7
8    <uses-sdk
9        android:minSdkVersion="29"
9-->src\main\AndroidManifest.xml
10        android:targetSdkVersion="32" />
10-->src\main\AndroidManifest.xml
11
12    <supports-screens
12-->src\main\AndroidManifest.xml:4:3-163
13        android:anyDensity="true"
13-->src\main\AndroidManifest.xml:4:135-160
14        android:largeScreens="true"
14-->src\main\AndroidManifest.xml:4:78-105
15        android:normalScreens="true"
15-->src\main\AndroidManifest.xml:4:49-77
16        android:smallScreens="true"
16-->src\main\AndroidManifest.xml:4:21-48
17        android:xlargeScreens="true" />
17-->src\main\AndroidManifest.xml:4:106-134
18
19    <uses-permission android:name="android.permission.INTERNET" />
19-->[:unityLibrary] AndroidManifest.xml:10:5-67
19-->[:unityLibrary] AndroidManifest.xml:10:22-64
20
21    <uses-feature
21-->[:unityLibrary] AndroidManifest.xml:12:5-14:35
22        android:name="android.hardware.vulkan.version"
22-->[:unityLibrary] AndroidManifest.xml:13:9-55
23        android:required="true" />
23-->[:unityLibrary] AndroidManifest.xml:14:9-32
24    <uses-feature
24-->[:unityLibrary] AndroidManifest.xml:15:5-17:36
25        android:name="android.hardware.touchscreen"
25-->[:unityLibrary] AndroidManifest.xml:16:9-52
26        android:required="false" />
26-->[:unityLibrary] AndroidManifest.xml:17:9-33
27    <uses-feature
27-->[:unityLibrary] AndroidManifest.xml:18:5-20:36
28        android:name="android.hardware.touchscreen.multitouch"
28-->[:unityLibrary] AndroidManifest.xml:19:9-63
29        android:required="false" />
29-->[:unityLibrary] AndroidManifest.xml:20:9-33
30    <uses-feature
30-->[:unityLibrary] AndroidManifest.xml:21:5-23:36
31        android:name="android.hardware.touchscreen.multitouch.distinct"
31-->[:unityLibrary] AndroidManifest.xml:22:9-72
32        android:required="false" />
32-->[:unityLibrary] AndroidManifest.xml:23:9-33
33
34    <application
34-->src\main\AndroidManifest.xml:3:3-83
35        android:extractNativeLibs="true"
35-->[:unityLibrary] AndroidManifest.xml:25:18-50
36        android:icon="@mipmap/app_icon"
36-->src\main\AndroidManifest.xml:3:49-80
37        android:label="@string/app_name" >
37-->src\main\AndroidManifest.xml:3:16-48
38        <meta-data
38-->[:unityLibrary] AndroidManifest.xml:26:9-28:33
39            android:name="unity.splash-mode"
39-->[:unityLibrary] AndroidManifest.xml:27:13-45
40            android:value="0" />
40-->[:unityLibrary] AndroidManifest.xml:28:13-30
41        <meta-data
41-->[:unityLibrary] AndroidManifest.xml:29:9-31:36
42            android:name="unity.splash-enable"
42-->[:unityLibrary] AndroidManifest.xml:30:13-47
43            android:value="True" />
43-->[:unityLibrary] AndroidManifest.xml:31:13-33
44        <meta-data
44-->[:unityLibrary] AndroidManifest.xml:32:9-34:36
45            android:name="unity.launch-fullscreen"
45-->[:unityLibrary] AndroidManifest.xml:33:13-51
46            android:value="True" />
46-->[:unityLibrary] AndroidManifest.xml:34:13-33
47        <meta-data
47-->[:unityLibrary] AndroidManifest.xml:35:9-37:50
48            android:name="notch.config"
48-->[:unityLibrary] AndroidManifest.xml:36:13-40
49            android:value="portrait|landscape" />
49-->[:unityLibrary] AndroidManifest.xml:37:13-47
50        <meta-data
50-->[:unityLibrary] AndroidManifest.xml:38:9-40:36
51            android:name="unity.auto-report-fully-drawn"
51-->[:unityLibrary] AndroidManifest.xml:39:13-57
52            android:value="true" />
52-->[:unityLibrary] AndroidManifest.xml:40:13-33
53
54        <activity
54-->[:unityLibrary] AndroidManifest.xml:42:9-63:20
55            android:name="com.unity3d.player.UnityPlayerActivity"
55-->[:unityLibrary] AndroidManifest.xml:43:13-66
56            android:configChanges="mcc|mnc|locale|touchscreen|keyboard|keyboardHidden|navigation|orientation|screenLayout|uiMode|screenSize|smallestScreenSize|fontScale|layoutDirection|density"
56-->[:unityLibrary] AndroidManifest.xml:44:13-194
57            android:exported="true"
57-->[:unityLibrary] AndroidManifest.xml:45:13-36
58            android:hardwareAccelerated="false"
58-->[:unityLibrary] AndroidManifest.xml:46:13-48
59            android:launchMode="singleTask"
59-->[:unityLibrary] AndroidManifest.xml:47:13-44
60            android:resizeableActivity="false"
60-->[:unityLibrary] AndroidManifest.xml:48:13-47
61            android:screenOrientation="fullUser"
61-->[:unityLibrary] AndroidManifest.xml:49:13-49
62            android:theme="@style/UnityThemeSelector" >
62-->[:unityLibrary] AndroidManifest.xml:50:13-54
63            <intent-filter>
63-->[:unityLibrary] AndroidManifest.xml:51:13-55:29
64                <category android:name="android.intent.category.LAUNCHER" />
64-->[:unityLibrary] AndroidManifest.xml:52:17-77
64-->[:unityLibrary] AndroidManifest.xml:52:27-74
65
66                <action android:name="android.intent.action.MAIN" />
66-->[:unityLibrary] AndroidManifest.xml:54:17-69
66-->[:unityLibrary] AndroidManifest.xml:54:25-66
67            </intent-filter>
68
69            <meta-data
69-->[:unityLibrary] AndroidManifest.xml:57:13-59:40
70                android:name="unityplayer.UnityActivity"
70-->[:unityLibrary] AndroidManifest.xml:58:17-57
71                android:value="true" />
71-->[:unityLibrary] AndroidManifest.xml:59:17-37
72            <meta-data
72-->[:unityLibrary] AndroidManifest.xml:60:13-62:40
73                android:name="notch_support"
73-->[:unityLibrary] AndroidManifest.xml:61:17-45
74                android:value="true" />
74-->[:unityLibrary] AndroidManifest.xml:62:17-37
75        </activity>
76    </application>
77
78</manifest>